{
  "RSpec": {
    "coverage": {
      "/Users/franktheo/Linkify/rails-5-edge-test/chat_autolinkify/spec/support/factory_girl.rb": [
        1,
        1,
        null
      ],
      "/Users/franktheo/Linkify/rails-5-edge-test/chat_autolinkify/spec/support/wait_for_ajax.rb": [
        null,
        1,
        null,
        1,
        0,
        0,
        null,
        null,
        null,
        1,
        0,
        null,
        null,
        null,
        null,
        1,
        1,
        null
      ],
      "/Users/franktheo/Linkify/rails-5-edge-test/chat_autolinkify/app/controllers/comments_controller.rb": [
        1,
        1,
        null,
        1,
        null,
        1,
        1,
        null,
        null,
        null,
        1,
        1,
        1,
        null,
        null
      ],
      "/Users/franktheo/Linkify/rails-5-edge-test/chat_autolinkify/app/controllers/application_controller.rb": [
        1,
        1,
        1,
        null,
        1,
        null
      ],
      "/Users/franktheo/Linkify/rails-5-edge-test/chat_autolinkify/app/controllers/concerns/authentication.rb": [
        1,
        1,
        null,
        1,
        1,
        null,
        null,
        1,
        1,
        19,
        null,
        null,
        1,
        22,
        19,
        19,
        null,
        null,
        null,
        1,
        0,
        0,
        0,
        null,
        null
      ],
      "/Users/franktheo/Linkify/rails-5-edge-test/chat_autolinkify/spec/controllers/messages_controller_spec.rb": [
        1,
        1,
        null,
        1,
        null,
        1,
        1,
        1,
        1,
        null,
        null,
        null,
        1,
        1,
        1,
        1,
        1,
        null,
        null,
        null,
        null
      ],
      "/Users/franktheo/Linkify/rails-5-edge-test/chat_autolinkify/app/controllers/messages_controller.rb": [
        1,
        1,
        3,
        null,
        null,
        1,
        3,
        null,
        null
      ],
      "/Users/franktheo/Linkify/rails-5-edge-test/chat_autolinkify/spec/features/comments_spec.rb": [
        1,
        null,
        1,
        null,
        1,
        null,
        null,
        null,
        null,
        null,
        1,
        1,
        1,
        1,
        1,
        1,
        null,
        1,
        1,
        null,
        1,
        null,
        1,
        null,
        1,
        null,
        null,
        null,
        1,
        null,
        null,
        null,
        1,
        null,
        1,
        1,
        1,
        1,
        1,
        null,
        null,
        null,
        1,
        null,
        1,
        1,
        1,
        1,
        1,
        null,
        null,
        null,
        null
      ],
      "/Users/franktheo/Linkify/rails-5-edge-test/chat_autolinkify/spec/models/comment_spec.rb": [
        1,
        1,
        null,
        1,
        null,
        1,
        1,
        null,
        null,
        null,
        null,
        null,
        null,
        null
      ],
      "/Users/franktheo/Linkify/rails-5-edge-test/chat_autolinkify/app/models/comment.rb": [
        1,
        1,
        1,
        null,
        2,
        null
      ],
      "/Users/franktheo/Linkify/rails-5-edge-test/chat_autolinkify/spec/models/message_spec.rb": [
        1,
        1,
        null,
        1,
        null,
        1,
        1,
        null,
        null,
        null,
        null,
        null,
        null,
        null,
        null,
        null,
        null,
        null
      ],
      "/Users/franktheo/Linkify/rails-5-edge-test/chat_autolinkify/app/models/message.rb": [
        1,
        1,
        1,
        null
      ],
      "/Users/franktheo/Linkify/rails-5-edge-test/chat_autolinkify/spec/models/user_spec.rb": [
        1,
        1,
        null,
        1,
        null,
        1,
        1,
        null,
        null,
        null,
        null,
        null,
        null,
        null
      ],
      "/Users/franktheo/Linkify/rails-5-edge-test/chat_autolinkify/app/models/user.rb": [
        1,
        1,
        1,
        null
      ],
      "/Users/franktheo/Linkify/rails-5-edge-test/chat_autolinkify/app/controllers/sessions_controller.rb": [
        1,
        1,
        null,
        1,
        3,
        null,
        null,
        1,
        3,
        3,
        null,
        null,
        1,
        0,
        0,
        null,
        null
      ],
      "/Users/franktheo/Linkify/rails-5-edge-test/chat_autolinkify/app/controllers/cable_controller.rb": [
        1,
        null,
        1,
        null,
        null,
        null
      ],
      "/Users/franktheo/Linkify/rails-5-edge-test/chat_autolinkify/app/controllers/examples_controller.rb": [
        1,
        1,
        null,
        null
      ],
      "/Users/franktheo/Linkify/rails-5-edge-test/chat_autolinkify/app/jobs/comment_relay_job.rb": [
        1,
        1,
        1,
        null,
        null,
        null
      ],
      "/Users/franktheo/Linkify/rails-5-edge-test/chat_autolinkify/app/jobs/application_job.rb": [
        1,
        null
      ]
    },
    "timestamp": 1462150690
  }
}
